<?xml version="1.0" encoding="UTF-8"?>
<!-- Generated by org.testng.reporters.JUnitReportReporter -->
<testsuite skipped="0" hostname="KULDEEPIT-PC" name="testNG_practice.CookieHandelling" tests="1" failures="0" timestamp="08 Sep 2017 12:22:26 GMT" time="30.227" errors="0">
  <testcase name="handelcookie" time="30.227" classname="testNG_practice.CookieHandelling"/>
</testsuite> <!-- testNG_practice.CookieHandelling -->
