<?xml version="1.0" encoding="UTF-8"?>
<!-- Generated by org.testng.reporters.JUnitReportReporter -->
<testsuite skipped="0" hostname="KULDEEPIT-PC" name="testNG_practice.DbTesting" tests="1" failures="0" timestamp="10 Sep 2017 00:12:33 GMT" time="0.007" errors="0">
  <testcase name="getdata" time="0.007" classname="testNG_practice.DbTesting"/>
</testsuite> <!-- testNG_practice.DbTesting -->
