<?xml version="1.0" encoding="UTF-8"?>
<!-- Generated by org.testng.reporters.JUnitReportReporter -->
<testsuite skipped="0" hostname="KULDEEPIT-PC" name="testNG_practice.TestEmpDetails" tests="2" failures="0" timestamp="22 Aug 2017 06:59:41 GMT" time="0.019" errors="0">
  <testcase name="testyearlycalculatesalary" time="0.002" classname="testNG_practice.TestEmpDetails"/>
  <testcase name="testcalaculateappriasal" time="0.017" classname="testNG_practice.TestEmpDetails"/>
</testsuite> <!-- testNG_practice.TestEmpDetails -->
