<?xml version="1.0" encoding="UTF-8"?>
<!-- Generated by org.testng.reporters.JUnitReportReporter -->
<testsuite skipped="0" hostname="KULDEEPIT-PC" name="testNG_practice.DatabaseTesting" tests="1" failures="0" timestamp="17 Nov 2017 09:53:41 GMT" time="0.012" errors="0">
  <testcase name="getdata" time="0.012" classname="testNG_practice.DatabaseTesting"/>
</testsuite> <!-- testNG_practice.DatabaseTesting -->
