<?xml version="1.0" encoding="UTF-8"?>
<!-- Generated by org.testng.reporters.JUnitReportReporter -->
<testsuite skipped="0" hostname="KULDEEPIT-PC" name="testNG_practice.MultipleBrowser" tests="2" failures="0" timestamp="21 Sep 2017 10:22:25 GMT" time="37.299" errors="0">
  <testcase name="multibrowser" time="24.575" classname="testNG_practice.MultipleBrowser"/>
  <testcase name="multibrowser" time="12.724" classname="testNG_practice.MultipleBrowser"/>
</testsuite> <!-- testNG_practice.MultipleBrowser -->
