<?xml version="1.0" encoding="UTF-8"?>
<!-- Generated by org.testng.reporters.JUnitReportReporter -->
<testsuite skipped="0" hostname="KULDEEPIT-PC" name="testNG_practice.ParameterizedTest" tests="10" failures="0" timestamp="21 Sep 2017 07:40:51 GMT" time="0.053" errors="0">
  <testcase name="testmethod" time="0.001" classname="testNG_practice.ParameterizedTest"/>
  <testcase name="testmethod" time="0.001" classname="testNG_practice.ParameterizedTest"/>
  <testcase name="testmethod" time="0.001" classname="testNG_practice.ParameterizedTest"/>
  <testcase name="parameter" time="0.027" classname="testNG_practice.ParameterizedTest"/>
  <testcase name="testmethod" time="0.001" classname="testNG_practice.ParameterizedTest"/>
  <testcase name="testmethod" time="0.003" classname="testNG_practice.ParameterizedTest"/>
  <testcase name="testmethod" time="0.001" classname="testNG_practice.ParameterizedTest"/>
  <testcase name="testmethod" time="0.015" classname="testNG_practice.ParameterizedTest"/>
  <testcase name="testmethod" time="0.001" classname="testNG_practice.ParameterizedTest"/>
  <testcase name="testmethod" time="0.002" classname="testNG_practice.ParameterizedTest"/>
</testsuite> <!-- testNG_practice.ParameterizedTest -->
