<?xml version="1.0" encoding="UTF-8"?>
<!-- Generated by org.testng.reporters.JUnitReportReporter -->
<testsuite skipped="0" hostname="KULDEEPIT-PC" name="com.kuldeep.seleniumTest.MavenTest.SeleniumTest" tests="1" failures="0" timestamp="24 Sep 2017 13:07:25 GMT" time="21.523" errors="0">
  <testcase name="TC_1" time="21.523" classname="com.kuldeep.seleniumTest.MavenTest.SeleniumTest"/>
</testsuite> <!-- com.kuldeep.seleniumTest.MavenTest.SeleniumTest -->
