<?xml version="1.0" encoding="UTF-8"?>
<!-- Generated by org.testng.reporters.JUnitReportReporter -->
<testsuite skipped="0" hostname="KULDEEPIT-PC" name="com.kuldeep.seleniumTest.MavenTest.SeleniumTest" tests="1" failures="0" timestamp="26 Sep 2017 10:44:15 GMT" time="35.998" errors="0">
  <testcase name="TC_1" time="35.998" classname="com.kuldeep.seleniumTest.MavenTest.SeleniumTest"/>
</testsuite> <!-- com.kuldeep.seleniumTest.MavenTest.SeleniumTest -->
