<?xml version="1.0" encoding="UTF-8"?>
<!-- Generated by org.testng.reporters.JUnitReportReporter -->
<testsuite skipped="0" hostname="KULDEEPIT-PC" name="com.kuldeep.seleniumTest.MavenTest.DbTesting" tests="1" failures="0" timestamp="17 Nov 2017 09:22:20 GMT" time="0.007" errors="0">
  <testcase name="getdata" time="0.007" classname="com.kuldeep.seleniumTest.MavenTest.DbTesting"/>
</testsuite> <!-- com.kuldeep.seleniumTest.MavenTest.DbTesting -->
